2025-03-17 10:45:29,171 - ATXReinstaller - INFO - 开始重装ATX服务
2025-03-17 10:45:29,171 - ATXReinstaller - INFO - 正在重启ADB服务器...
2025-03-17 10:45:37,262 - ATXReinstaller - INFO - ADB服务器重启成功
2025-03-17 10:45:37,295 - ATXReinstaller - INFO - 正在处理设备: 7NQBB23606001053
2025-03-17 10:45:37,295 - ATXReinstaller - INFO - 正在卸载ATX Agent...
2025-03-17 10:45:37,937 - ATXReinstaller - INFO - ATX Agent卸载完成
2025-03-17 10:45:37,938 - ATXReinstaller - INFO - 正在安装ATX Agent...
2025-03-17 10:45:39,963 - ATXReinstaller - INFO - ATX Agent安装成功
2025-03-17 10:45:39,963 - ATXReinstaller - INFO - 正在检查ATX服务...
2025-03-17 10:46:07,703 - ATXReinstaller - ERROR - ATX服务检查失败: ('device agent responds with an error code 502', '')
2025-03-17 10:46:07,704 - ATXReinstaller - WARNING - 设备 7NQBB23606001053 安装失败，尝试重启设备后重试
2025-03-17 10:46:07,704 - ATXReinstaller - INFO - 正在重启设备...
2025-03-17 10:46:11,394 - ATXReinstaller - INFO - 重启命令已发送，等待设备重启...
2025-03-17 10:47:16,750 - ATXReinstaller - INFO - 设备重启完成
2025-03-17 10:47:16,750 - ATXReinstaller - INFO - 第 2 次重试安装...
2025-03-17 10:47:16,750 - ATXReinstaller - INFO - 正在安装ATX Agent...
2025-03-17 10:47:16,975 - ATXReinstaller - INFO - ATX Agent安装成功
2025-03-17 10:47:16,975 - ATXReinstaller - INFO - 正在检查ATX服务...
2025-03-17 10:47:18,300 - ATXReinstaller - ERROR - ATX服务检查失败: ('device agent responds with an error code 502', '')
2025-03-17 10:47:18,301 - ATXReinstaller - WARNING - 设备 7NQBB23606001053 安装失败，尝试重启设备后重试
2025-03-17 10:47:18,301 - ATXReinstaller - INFO - 正在重启设备...
2025-03-17 10:47:22,327 - ATXReinstaller - INFO - 重启命令已发送，等待设备重启...
2025-03-17 10:48:22,675 - ATXReinstaller - INFO - 设备重启完成
2025-03-17 10:48:22,676 - ATXReinstaller - INFO - 第 3 次重试安装...
2025-03-17 10:48:22,676 - ATXReinstaller - INFO - 正在安装ATX Agent...
2025-03-17 10:48:22,922 - ATXReinstaller - INFO - ATX Agent安装成功
2025-03-17 10:48:22,923 - ATXReinstaller - INFO - 正在检查ATX服务...
2025-03-17 10:48:24,140 - ATXReinstaller - ERROR - ATX服务检查失败: ('device agent responds with an error code 502', '')
2025-03-17 10:48:24,140 - ATXReinstaller - ERROR - 设备 7NQBB23606001053 在 3 次尝试后仍未能成功安装ATX服务
2025-03-17 10:48:24,140 - ATXReinstaller - ERROR - ATX服务重装失败
2025-03-17 10:54:21,760 - ATXReinstaller - INFO - 开始重装ATX服务
2025-03-17 10:54:21,760 - ATXReinstaller - INFO - 正在重启ADB服务器...
2025-03-17 10:54:29,844 - ATXReinstaller - INFO - ADB服务器重启成功
2025-03-17 10:54:29,880 - ATXReinstaller - INFO - 正在处理设备: 7NQBB23606001053
2025-03-17 10:54:29,880 - ATXReinstaller - INFO - 正在卸载ATX Agent...
2025-03-17 10:54:30,993 - ATXReinstaller - INFO - ATX Agent卸载完成
2025-03-17 10:54:30,994 - ATXReinstaller - INFO - 正在安装ATX Agent...
2025-03-17 10:54:30,994 - ATXReinstaller - INFO - 确保清理所有遗留进程...
2025-03-17 10:54:33,507 - ATXReinstaller - INFO - 使用weditor命令安装ATX组件...
2025-03-17 10:54:38,727 - ATXReinstaller - INFO - 初始化设备...
2025-03-17 10:55:22,525 - ATXReinstaller - INFO - 启动UIAutomator服务...
2025-03-17 10:55:24,660 - ATXReinstaller - INFO - 启动UIAutomator测试服务...
2025-03-17 10:55:27,084 - ATXReinstaller - INFO - 检查ATX-Agent是否正在运行...
2025-03-17 10:55:27,216 - ATXReinstaller - INFO - 等待服务完全启动...
