2025-03-17 23:13:55,019 - INFO - === 开始检测华为快应用 ===
2025-03-17 23:13:55,019 - INFO - 检测快应用是否在前台运行
2025-03-17 23:13:55,034 - INFO - 命令输出: 
2025-03-17 23:13:55,035 - INFO - 快应用未在前台运行
2025-03-17 23:14:00,035 - INFO - 检测快应用是否在前台运行
2025-03-17 23:14:00,049 - INFO - 命令输出: 
2025-03-17 23:14:00,049 - INFO - 快应用未在前台运行
2025-03-17 23:14:05,050 - INFO - 检测快应用是否在前台运行
2025-03-17 23:14:05,064 - INFO - 命令输出: 
2025-03-17 23:14:05,064 - INFO - 快应用未在前台运行
2025-03-17 23:14:10,065 - INFO - 检测快应用是否在前台运行
2025-03-17 23:14:10,079 - INFO - 命令输出: 
2025-03-17 23:14:10,079 - INFO - 快应用未在前台运行
2025-03-17 23:14:15,081 - INFO - 检测快应用是否在前台运行
2025-03-17 23:14:15,095 - INFO - 命令输出: 
2025-03-17 23:14:15,095 - INFO - 快应用未在前台运行
2025-03-17 23:14:20,096 - INFO - 检测快应用是否在前台运行
2025-03-17 23:14:20,110 - INFO - 命令输出: 
2025-03-17 23:14:20,110 - INFO - 快应用未在前台运行
2025-03-17 23:14:25,110 - INFO - 检测快应用是否在前台运行
2025-03-17 23:14:25,124 - INFO - 命令输出: 
2025-03-17 23:14:25,124 - INFO - 快应用未在前台运行
2025-03-17 23:14:30,126 - INFO - 检测快应用是否在前台运行
2025-03-17 23:14:30,139 - INFO - 命令输出: 
2025-03-17 23:14:30,139 - INFO - 快应用未在前台运行
2025-03-17 23:14:35,142 - INFO - 检测快应用是否在前台运行
2025-03-17 23:14:35,155 - INFO - 命令输出: 
2025-03-17 23:14:35,155 - INFO - 快应用未在前台运行
2025-03-17 23:14:40,155 - INFO - 检测快应用是否在前台运行
2025-03-17 23:14:40,168 - INFO - 命令输出: 
2025-03-17 23:14:40,168 - INFO - 快应用未在前台运行
2025-03-17 23:14:45,169 - INFO - 检测快应用是否在前台运行
2025-03-17 23:14:45,181 - INFO - 命令输出: 
2025-03-17 23:14:45,181 - INFO - 快应用未在前台运行
2025-03-17 23:14:50,182 - INFO - 检测快应用是否在前台运行
2025-03-17 23:14:50,195 - INFO - 命令输出: 
2025-03-17 23:14:50,195 - INFO - 快应用未在前台运行
2025-03-17 23:14:55,196 - INFO - 检测快应用是否在前台运行
2025-03-17 23:14:55,208 - INFO - 命令输出: 
2025-03-17 23:14:55,208 - INFO - 快应用未在前台运行
2025-03-17 23:15:00,209 - INFO - 检测快应用是否在前台运行
2025-03-17 23:15:00,221 - INFO - 命令输出: 
2025-03-17 23:15:00,221 - INFO - 快应用未在前台运行
2025-03-17 23:15:05,222 - INFO - 检测快应用是否在前台运行
2025-03-17 23:15:05,235 - INFO - 命令输出: 
2025-03-17 23:15:05,235 - INFO - 快应用未在前台运行
2025-03-17 23:15:10,235 - INFO - 检测快应用是否在前台运行
2025-03-17 23:15:10,248 - INFO - 命令输出: 
2025-03-17 23:15:10,248 - INFO - 快应用未在前台运行
2025-03-17 23:15:15,249 - INFO - 检测快应用是否在前台运行
2025-03-17 23:15:15,261 - INFO - 命令输出: 
2025-03-17 23:15:15,261 - INFO - 快应用未在前台运行
2025-03-17 23:15:20,262 - INFO - 检测快应用是否在前台运行
2025-03-17 23:15:20,274 - INFO - 命令输出: 
2025-03-17 23:15:20,274 - INFO - 快应用未在前台运行
2025-03-17 23:15:24,097 - INFO - 用户中断检测
2025-03-17 23:15:25,813 - INFO - === 华为快应用检测工具 ===
2025-03-17 23:15:25,858 - INFO - 方法1 (当前窗口焦点) 输出: 
2025-03-17 23:15:28,999 - INFO - 方法2 (活动栈) 输出: 
2025-03-17 23:15:31,204 - INFO - 方法3 (顶层活动) 输出: 
2025-03-17 23:15:33,401 - INFO - 方法4 (进程列表) 输出: 
2025-03-17 23:15:34,659 - INFO - 方法5 (窗口列表) 输出: 
2025-03-17 23:15:35,682 - INFO - 方法6 (完整窗口焦点) 输出: 
2025-03-17 23:15:37,026 - INFO - 方法7 (任务列表) 输出: RootTask id=148 bounds=[0,0][1080,2376] displayId=0 userId=0
 configuration={1.0 454mcc12mnc [zh_CN_#Hans] ldltr sw360dp w360dp h755dp 480dpi nrml long port finger -keyb/v/h -nav/h winConfig={ mBounds=Rect(0, 0 - 1080, 2376) mAppBounds=Rect(0, 110 - 1080, 2376) mMaxBounds=Rect(0, 0 - 1080, 2376) mWindowingMode=fullscreen mDisplayWindowingMode=fullscreen mActivityType=standard mAlwaysOnTop=undefined mRotation=ROTATION_0 mPopOverMode=0} suim:1 extflag:8 s.17 fontWeightAdjustment=0}
  taskId=148: com.huawei.fastapp/com.huawei.fastapp.app.processManager.RpkLoaderActivityEntry0 bounds=[0,0][1080,2376] userId=0 visible=true topActivity=ComponentInfo{com.huawei.fastapp/com.huawei.fastapp.app.processManager.RpkLoaderActivityEntry0}

RootTask id=147 bounds=[0,0][1080,2376] displayId=0 userId=0
 configuration={1.0 454mcc12mnc [zh_CN_#Hans] ldltr sw360dp w360dp h755dp 480dpi nrml long port finger -keyb/v/h -nav/h winConfig={ mBounds=Rect(0, 0 - 1080, 2376) mAppBounds=Rect(0, 110 - 1080, 2376) mMaxBounds=Rect(0, 0 - 1080, 2376) mWindowingMode=fullscreen mDisplayWindowingMode=fullscreen mActivityType=standard mAlwaysOnTop=undefined mRotation=ROTATION_0 mPopOverMode=0} suim:1 extflag:8 s.17 fontWeightAdjustment=0}
  taskId=147: com.huawei.fastapp/com.huawei.fastapp.app.management.ui.ManagerActivity bounds=[0,0][1080,2376] userId=0 visible=false topActivity=ComponentInfo{com.huawei.fastapp/com.huawei.fastapp.app.management.ui.FastAppCenterActivity}

RootTask id=146 bounds=[0,0][1080,2376] displayId=0 userId=0
 configuration={1.0 454mcc12mnc [zh_CN_#Hans] ldltr sw360dp w360dp h755dp 480dpi nrml long port finger -keyb/v/h -nav/h winConfig={ mBounds=Rect(0, 0 - 1080, 2376) mAppBounds=Rect(0, 110 - 1080, 2376) mMaxBounds=Rect(0, 0 - 1080, 2376) mWindowingMode=fullscreen mDisplayWindowingMode=fullscreen mActivityType=standard mAlwaysOnTop=undefined mRotation=ROTATION_0 mPopOverMode=0} suim:1 extflag:8 s.17 fontWeightAdjustment=0}
  taskId=146: com.huawei.appmarket/com.huawei.appmarket.MainActivity bounds=[0,0][1080,2376] userId=0 visible=false topActivity=ComponentInfo{com.huawei.appmarket/com.huawei.appmarket.MarketActivity}

RootTask id=1 bounds=[0,0][1080,2376] displayId=0 userId=0
 configuration={1.0 454mcc12mnc [zh_CN_#Hans] ldltr sw360dp w360dp h755dp 480dpi nrml long port finger -keyb/v/h -nav/h winConfig={ mBounds=Rect(0, 0 - 1080, 2376) mAppBounds=Rect(0, 110 - 1080, 2376) mMaxBounds=Rect(0, 0 - 1080, 2376) mWindowingMode=fullscreen mDisplayWindowingMode=fullscreen mActivityType=home mAlwaysOnTop=undefined mRotation=ROTATION_0 mPopOverMode=0} suim:1 extflag:8 s.17 fontWeightAdjustment=0}
  taskId=7: com.huawei.android.launcher/com.huawei.android.launcher.unihome.UniHomeLauncher bounds=[0,0][1080,2376] userId=0 visible=false topActivity=ComponentInfo{com.huawei.android.launcher/com.huawei.android.launcher.unihome.UniHomeLauncher}

RootTask id=2 bounds=[0,0][1080,2376] displayId=0 userId=0
 configuration={1.0 454mcc12mnc [zh_CN_#Hans] ldltr sw360dp w360dp h755dp 480dpi nrml long port finger -keyb/v/h -nav/h winConfig={ mBounds=Rect(0, 0 - 1080, 2376) mAppBounds=Rect(0, 110 - 1080, 2376) mMaxBounds=Rect(0, 0 - 1080, 2376) mWindowingMode=fullscreen mDisplayWindowingMode=fullscreen mActivityType=undefined mAlwaysOnTop=undefined mRotation=ROTATION_0 mPopOverMode=0} suim:1 extflag:8 s.17 fontWeightAdjustment=0}
  taskId=2: unknown bounds=[0,0][1080,2376] userId=0 visible=false

RootTask id=3 bounds=[0,0][1080,2376] displayId=0 userId=0
 configuration={1.0 454mcc12mnc [zh_CN_#Hans] ldltr sw360dp w360dp h755dp 480dpi nrml long port finger -keyb/v/h -nav/h winConfig={ mBounds=Rect(0, 0 - 1080, 2376) mAppBounds=Rect(0, 110 - 1080, 2376) mMaxBounds=Rect(0, 0 - 1080, 2376) mWindowingMode=multi-window mDisplayWindowingMode=fullscreen mActivityType=undefined mAlwaysOnTop=undefined mRotation=ROTATION_0 mPopOverMode=0} suim:1 extflag:8 s.17 fontWeightAdjustment=0}
  taskId=3: unknown bounds=[0,0][1080,2376] userId=0 visible=false

RootTask id=4 bounds=[0,0][1080,2376] displayId=0 userId=0
 configuration={1.0 454mcc12mnc [zh_CN_#Hans] ldltr sw360dp w360dp h755dp 480dpi nrml long port finger -keyb/v/h -nav/h winConfig={ mBounds=Rect(0, 0 - 1080, 2376) mAppBounds=Rect(0, 110 - 1080, 2376) mMaxBounds=Rect(0, 0 - 1080, 2376) mWindowingMode=multi-window mDisplayWindowingMode=fullscreen mActivityType=undefined mAlwaysOnTop=undefined mRotation=ROTATION_0 mPopOverMode=0} suim:1 extflag:8 s.17 fontWeightAdjustment=0}
  taskId=4: unknown bounds=[0,0][1080,2376] userId=0 visible=false

RootTask id=5 bounds=[0,0][1080,1175] displayId=0 userId=0
 configuration={1.0 454mcc12mnc [zh_CN_#Hans] ldltr sw355dp w360dp h355dp 480dpi smll land finger -keyb/v/h -nav/h winConfig={ mBounds=Rect(0, 0 - 1080, 1175) mAppBounds=Rect(0, 110 - 1080, 1175) mMaxBounds=Rect(0, 0 - 1080, 2376) mWindowingMode=split-screen-primary mDisplayWindowingMode=fullscreen mActivityType=undefined mAlwaysOnTop=undefined mRotation=ROTATION_0 mPopOverMode=0} suim:1 extflag:8 s.17 fontWeightAdjustment=0}
  taskId=5: unknown bounds=[0,0][1080,1175] userId=0 visible=false

RootTask id=6 bounds=[0,1199][1080,2376] displayId=0 userId=0
 configuration={1.0 454mcc12mnc [zh_CN_#Hans] ldltr sw355dp w360dp h392dp 480dpi smll port finger -keyb/v/h -nav/h winConfig={ mBounds=Rect(0, 1199 - 1080, 2376) mAppBounds=Rect(0, 1199 - 1080, 2376) mMaxBounds=Rect(0, 0 - 1080, 2376) mWindowingMode=split-screen-secondary mDisplayWindowingMode=fullscreen mActivityType=undefined mAlwaysOnTop=undefined mRotation=ROTATION_0 mPopOverMode=0} suim:1 extflag:8 s.17 fontWeightAdjustment=0}
  taskId=6: unknown bounds=[0,1199][1080,2376] userId=0 visible=false
2025-03-17 23:15:48,350 - INFO - 方法8 (相关包名) 输出: 
2025-03-17 23:15:50,154 - INFO - 方法9 (最近任务) 输出: ACTIVITY MANAGER RECENT TASKS (dumpsys activity recents)
mRecentsUid=10093
mRecentsComponent=ComponentInfo{com.huawei.android.launcher/com.huawei.android.launcher.quickstep.RecentsActivity}
mFreezeTas...
2025-03-17 23:15:54,887 - INFO - 方法10 (当前运行活动) 输出: 
2025-03-17 23:15:56,660 - INFO - 方法1 (当前窗口焦点) 输出: 
2025-03-17 23:15:57,778 - INFO - 方法2 (活动栈) 输出: 
2025-03-17 23:15:58,470 - INFO - 方法3 (顶层活动) 输出: 
2025-03-17 23:15:59,033 - INFO - 方法4 (进程列表) 输出: 
2025-03-17 23:15:59,543 - INFO - 方法5 (窗口列表) 输出: 
2025-03-17 23:16:00,266 - INFO - 方法6 (完整窗口焦点) 输出: 
2025-03-17 23:16:00,977 - INFO - 方法7 (任务列表) 输出: RootTask id=148 bounds=[0,0][1080,2376] displayId=0 userId=0
 configuration={1.0 454mcc12mnc [zh_CN_#Hans] ldltr sw360dp w360dp h755dp 480dpi nrml long port finger -keyb/v/h -nav/h winConfig={ mBounds=Rect(0, 0 - 1080, 2376) mAppBounds=Rect(0, 110 - 1080, 2376) mMaxBounds=Rect(0, 0 - 1080, 2376) mWindowingMode=fullscreen mDisplayWindowingMode=fullscreen mActivityType=standard mAlwaysOnTop=undefined mRotation=ROTATION_0 mPopOverMode=0} suim:1 extflag:8 s.17 fontWeightAdjustment=0}
  taskId=148: com.huawei.fastapp/com.huawei.fastapp.app.processManager.RpkLoaderActivityEntry0 bounds=[0,0][1080,2376] userId=0 visible=true topActivity=ComponentInfo{com.huawei.fastapp/com.huawei.fastapp.app.processManager.RpkLoaderActivityEntry0}

RootTask id=147 bounds=[0,0][1080,2376] displayId=0 userId=0
 configuration={1.0 454mcc12mnc [zh_CN_#Hans] ldltr sw360dp w360dp h755dp 480dpi nrml long port finger -keyb/v/h -nav/h winConfig={ mBounds=Rect(0, 0 - 1080, 2376) mAppBounds=Rect(0, 110 - 1080, 2376) mMaxBounds=Rect(0, 0 - 1080, 2376) mWindowingMode=fullscreen mDisplayWindowingMode=fullscreen mActivityType=standard mAlwaysOnTop=undefined mRotation=ROTATION_0 mPopOverMode=0} suim:1 extflag:8 s.17 fontWeightAdjustment=0}
  taskId=147: com.huawei.fastapp/com.huawei.fastapp.app.management.ui.ManagerActivity bounds=[0,0][1080,2376] userId=0 visible=false topActivity=ComponentInfo{com.huawei.fastapp/com.huawei.fastapp.app.management.ui.FastAppCenterActivity}

RootTask id=146 bounds=[0,0][1080,2376] displayId=0 userId=0
 configuration={1.0 454mcc12mnc [zh_CN_#Hans] ldltr sw360dp w360dp h755dp 480dpi nrml long port finger -keyb/v/h -nav/h winConfig={ mBounds=Rect(0, 0 - 1080, 2376) mAppBounds=Rect(0, 110 - 1080, 2376) mMaxBounds=Rect(0, 0 - 1080, 2376) mWindowingMode=fullscreen mDisplayWindowingMode=fullscreen mActivityType=standard mAlwaysOnTop=undefined mRotation=ROTATION_0 mPopOverMode=0} suim:1 extflag:8 s.17 fontWeightAdjustment=0}
  taskId=146: com.huawei.appmarket/com.huawei.appmarket.MainActivity bounds=[0,0][1080,2376] userId=0 visible=false topActivity=ComponentInfo{com.huawei.appmarket/com.huawei.appmarket.MarketActivity}

RootTask id=1 bounds=[0,0][1080,2376] displayId=0 userId=0
 configuration={1.0 454mcc12mnc [zh_CN_#Hans] ldltr sw360dp w360dp h755dp 480dpi nrml long port finger -keyb/v/h -nav/h winConfig={ mBounds=Rect(0, 0 - 1080, 2376) mAppBounds=Rect(0, 110 - 1080, 2376) mMaxBounds=Rect(0, 0 - 1080, 2376) mWindowingMode=fullscreen mDisplayWindowingMode=fullscreen mActivityType=home mAlwaysOnTop=undefined mRotation=ROTATION_0 mPopOverMode=0} suim:1 extflag:8 s.17 fontWeightAdjustment=0}
  taskId=7: com.huawei.android.launcher/com.huawei.android.launcher.unihome.UniHomeLauncher bounds=[0,0][1080,2376] userId=0 visible=false topActivity=ComponentInfo{com.huawei.android.launcher/com.huawei.android.launcher.unihome.UniHomeLauncher}

RootTask id=2 bounds=[0,0][1080,2376] displayId=0 userId=0
 configuration={1.0 454mcc12mnc [zh_CN_#Hans] ldltr sw360dp w360dp h755dp 480dpi nrml long port finger -keyb/v/h -nav/h winConfig={ mBounds=Rect(0, 0 - 1080, 2376) mAppBounds=Rect(0, 110 - 1080, 2376) mMaxBounds=Rect(0, 0 - 1080, 2376) mWindowingMode=fullscreen mDisplayWindowingMode=fullscreen mActivityType=undefined mAlwaysOnTop=undefined mRotation=ROTATION_0 mPopOverMode=0} suim:1 extflag:8 s.17 fontWeightAdjustment=0}
  taskId=2: unknown bounds=[0,0][1080,2376] userId=0 visible=false

RootTask id=3 bounds=[0,0][1080,2376] displayId=0 userId=0
 configuration={1.0 454mcc12mnc [zh_CN_#Hans] ldltr sw360dp w360dp h755dp 480dpi nrml long port finger -keyb/v/h -nav/h winConfig={ mBounds=Rect(0, 0 - 1080, 2376) mAppBounds=Rect(0, 110 - 1080, 2376) mMaxBounds=Rect(0, 0 - 1080, 2376) mWindowingMode=multi-window mDisplayWindowingMode=fullscreen mActivityType=undefined mAlwaysOnTop=undefined mRotation=ROTATION_0 mPopOverMode=0} suim:1 extflag:8 s.17 fontWeightAdjustment=0}
  taskId=3: unknown bounds=[0,0][1080,2376] userId=0 visible=false

RootTask id=4 bounds=[0,0][1080,2376] displayId=0 userId=0
 configuration={1.0 454mcc12mnc [zh_CN_#Hans] ldltr sw360dp w360dp h755dp 480dpi nrml long port finger -keyb/v/h -nav/h winConfig={ mBounds=Rect(0, 0 - 1080, 2376) mAppBounds=Rect(0, 110 - 1080, 2376) mMaxBounds=Rect(0, 0 - 1080, 2376) mWindowingMode=multi-window mDisplayWindowingMode=fullscreen mActivityType=undefined mAlwaysOnTop=undefined mRotation=ROTATION_0 mPopOverMode=0} suim:1 extflag:8 s.17 fontWeightAdjustment=0}
  taskId=4: unknown bounds=[0,0][1080,2376] userId=0 visible=false

RootTask id=5 bounds=[0,0][1080,1175] displayId=0 userId=0
 configuration={1.0 454mcc12mnc [zh_CN_#Hans] ldltr sw355dp w360dp h355dp 480dpi smll land finger -keyb/v/h -nav/h winConfig={ mBounds=Rect(0, 0 - 1080, 1175) mAppBounds=Rect(0, 110 - 1080, 1175) mMaxBounds=Rect(0, 0 - 1080, 2376) mWindowingMode=split-screen-primary mDisplayWindowingMode=fullscreen mActivityType=undefined mAlwaysOnTop=undefined mRotation=ROTATION_0 mPopOverMode=0} suim:1 extflag:8 s.17 fontWeightAdjustment=0}
  taskId=5: unknown bounds=[0,0][1080,1175] userId=0 visible=false

RootTask id=6 bounds=[0,1199][1080,2376] displayId=0 userId=0
 configuration={1.0 454mcc12mnc [zh_CN_#Hans] ldltr sw355dp w360dp h392dp 480dpi smll port finger -keyb/v/h -nav/h winConfig={ mBounds=Rect(0, 1199 - 1080, 2376) mAppBounds=Rect(0, 1199 - 1080, 2376) mMaxBounds=Rect(0, 0 - 1080, 2376) mWindowingMode=split-screen-secondary mDisplayWindowingMode=fullscreen mActivityType=undefined mAlwaysOnTop=undefined mRotation=ROTATION_0 mPopOverMode=0} suim:1 extflag:8 s.17 fontWeightAdjustment=0}
  taskId=6: unknown bounds=[0,1199][1080,2376] userId=0 visible=false
2025-03-17 23:16:02,762 - INFO - 方法8 (相关包名) 输出: 
2025-03-17 23:16:03,816 - INFO - 方法9 (最近任务) 输出: ACTIVITY MANAGER RECENT TASKS (dumpsys activity recents)
mRecentsUid=10093
mRecentsComponent=ComponentInfo{com.huawei.android.launcher/com.huawei.android.launcher.quickstep.RecentsActivity}
mFreezeTas...
2025-03-17 23:16:07,828 - INFO - 方法10 (当前运行活动) 输出: 
2025-03-17 23:16:09,110 - INFO - 方法1 (当前窗口焦点) 输出: 
2025-03-17 23:16:16,758 - INFO - 方法2 (活动栈) 输出: 
2025-03-17 23:16:17,208 - INFO - 方法3 (顶层活动) 输出: 
2025-03-17 23:16:17,499 - INFO - 方法4 (进程列表) 输出: 
2025-03-17 23:16:17,824 - INFO - 方法5 (窗口列表) 输出: 
2025-03-17 23:16:18,124 - INFO - 方法6 (完整窗口焦点) 输出: 
2025-03-17 23:16:18,576 - INFO - 方法7 (任务列表) 输出: RootTask id=1 bounds=[0,0][1080,2376] displayId=0 userId=0
 configuration={1.0 454mcc12mnc [zh_CN_#Hans] ldltr sw360dp w360dp h755dp 480dpi nrml long port finger -keyb/v/h -nav/h winConfig={ mBounds=Rect(0, 0 - 1080, 2376) mAppBounds=Rect(0, 110 - 1080, 2376) mMaxBounds=Rect(0, 0 - 1080, 2376) mWindowingMode=fullscreen mDisplayWindowingMode=fullscreen mActivityType=home mAlwaysOnTop=undefined mRotation=ROTATION_0 mPopOverMode=0} suim:1 extflag:8 s.17 fontWeightAdjustment=0}
  taskId=7: com.huawei.android.launcher/com.huawei.android.launcher.unihome.UniHomeLauncher bounds=[0,0][1080,2376] userId=0 visible=true topActivity=ComponentInfo{com.huawei.android.launcher/com.huawei.android.launcher.unihome.UniHomeLauncher}

RootTask id=147 bounds=[0,0][1080,2376] displayId=0 userId=0
 configuration={1.0 454mcc12mnc [zh_CN_#Hans] ldltr sw360dp w360dp h755dp 480dpi nrml long port finger -keyb/v/h -nav/h winConfig={ mBounds=Rect(0, 0 - 1080, 2376) mAppBounds=Rect(0, 110 - 1080, 2376) mMaxBounds=Rect(0, 0 - 1080, 2376) mWindowingMode=fullscreen mDisplayWindowingMode=fullscreen mActivityType=standard mAlwaysOnTop=undefined mRotation=ROTATION_0 mPopOverMode=0} suim:1 extflag:8 s.17 fontWeightAdjustment=0}
  taskId=147: com.huawei.fastapp/com.huawei.fastapp.app.management.ui.ManagerActivity bounds=[0,0][1080,2376] userId=0 visible=false topActivity=ComponentInfo{com.huawei.fastapp/com.huawei.fastapp.app.management.ui.FastAppCenterActivity}

RootTask id=146 bounds=[0,0][1080,2376] displayId=0 userId=0
 configuration={1.0 454mcc12mnc [zh_CN_#Hans] ldltr sw360dp w360dp h755dp 480dpi nrml long port finger -keyb/v/h -nav/h winConfig={ mBounds=Rect(0, 0 - 1080, 2376) mAppBounds=Rect(0, 110 - 1080, 2376) mMaxBounds=Rect(0, 0 - 1080, 2376) mWindowingMode=fullscreen mDisplayWindowingMode=fullscreen mActivityType=standard mAlwaysOnTop=undefined mRotation=ROTATION_0 mPopOverMode=0} suim:1 extflag:8 s.17 fontWeightAdjustment=0}
  taskId=146: com.huawei.appmarket/com.huawei.appmarket.MainActivity bounds=[0,0][1080,2376] userId=0 visible=false topActivity=ComponentInfo{com.huawei.appmarket/com.huawei.appmarket.MarketActivity}

RootTask id=2 bounds=[0,0][1080,2376] displayId=0 userId=0
 configuration={1.0 454mcc12mnc [zh_CN_#Hans] ldltr sw360dp w360dp h755dp 480dpi nrml long port finger -keyb/v/h -nav/h winConfig={ mBounds=Rect(0, 0 - 1080, 2376) mAppBounds=Rect(0, 110 - 1080, 2376) mMaxBounds=Rect(0, 0 - 1080, 2376) mWindowingMode=fullscreen mDisplayWindowingMode=fullscreen mActivityType=undefined mAlwaysOnTop=undefined mRotation=ROTATION_0 mPopOverMode=0} suim:1 extflag:8 s.17 fontWeightAdjustment=0}
  taskId=2: unknown bounds=[0,0][1080,2376] userId=0 visible=false

RootTask id=3 bounds=[0,0][1080,2376] displayId=0 userId=0
 configuration={1.0 454mcc12mnc [zh_CN_#Hans] ldltr sw360dp w360dp h755dp 480dpi nrml long port finger -keyb/v/h -nav/h winConfig={ mBounds=Rect(0, 0 - 1080, 2376) mAppBounds=Rect(0, 110 - 1080, 2376) mMaxBounds=Rect(0, 0 - 1080, 2376) mWindowingMode=multi-window mDisplayWindowingMode=fullscreen mActivityType=undefined mAlwaysOnTop=undefined mRotation=ROTATION_0 mPopOverMode=0} suim:1 extflag:8 s.17 fontWeightAdjustment=0}
  taskId=3: unknown bounds=[0,0][1080,2376] userId=0 visible=false

RootTask id=4 bounds=[0,0][1080,2376] displayId=0 userId=0
 configuration={1.0 454mcc12mnc [zh_CN_#Hans] ldltr sw360dp w360dp h755dp 480dpi nrml long port finger -keyb/v/h -nav/h winConfig={ mBounds=Rect(0, 0 - 1080, 2376) mAppBounds=Rect(0, 110 - 1080, 2376) mMaxBounds=Rect(0, 0 - 1080, 2376) mWindowingMode=multi-window mDisplayWindowingMode=fullscreen mActivityType=undefined mAlwaysOnTop=undefined mRotation=ROTATION_0 mPopOverMode=0} suim:1 extflag:8 s.17 fontWeightAdjustment=0}
  taskId=4: unknown bounds=[0,0][1080,2376] userId=0 visible=false

RootTask id=5 bounds=[0,0][1080,1175] displayId=0 userId=0
 configuration={1.0 454mcc12mnc [zh_CN_#Hans] ldltr sw355dp w360dp h355dp 480dpi smll land finger -keyb/v/h -nav/h winConfig={ mBounds=Rect(0, 0 - 1080, 1175) mAppBounds=Rect(0, 110 - 1080, 1175) mMaxBounds=Rect(0, 0 - 1080, 2376) mWindowingMode=split-screen-primary mDisplayWindowingMode=fullscreen mActivityType=undefined mAlwaysOnTop=undefined mRotation=ROTATION_0 mPopOverMode=0} suim:1 extflag:8 s.17 fontWeightAdjustment=0}
  taskId=5: unknown bounds=[0,0][1080,1175] userId=0 visible=false

RootTask id=6 bounds=[0,1199][1080,2376] displayId=0 userId=0
 configuration={1.0 454mcc12mnc [zh_CN_#Hans] ldltr sw355dp w360dp h392dp 480dpi smll port finger -keyb/v/h -nav/h winConfig={ mBounds=Rect(0, 1199 - 1080, 2376) mAppBounds=Rect(0, 1199 - 1080, 2376) mMaxBounds=Rect(0, 0 - 1080, 2376) mWindowingMode=split-screen-secondary mDisplayWindowingMode=fullscreen mActivityType=undefined mAlwaysOnTop=undefined mRotation=ROTATION_0 mPopOverMode=0} suim:1 extflag:8 s.17 fontWeightAdjustment=0}
  taskId=6: unknown bounds=[0,1199][1080,2376] userId=0 visible=false
2025-03-17 23:16:22,228 - INFO - 方法8 (相关包名) 输出: 
2025-03-17 23:16:23,212 - INFO - 方法9 (最近任务) 输出: ACTIVITY MANAGER RECENT TASKS (dumpsys activity recents)
mRecentsUid=10093
mRecentsComponent=ComponentInfo{com.huawei.android.launcher/com.huawei.android.launcher.quickstep.RecentsActivity}
mFreezeTas...
2025-03-17 23:16:27,825 - INFO - 方法10 (当前运行活动) 输出: 
2025-03-17 23:17:54,521 - INFO - 用户中断检测
2025-03-17 23:18:01,900 - INFO - === 华为快应用检测工具 ===
2025-03-17 23:18:01,951 - INFO - 方法1 (当前窗口焦点) 输出: 
2025-03-17 23:18:03,532 - INFO - 方法2 (活动栈) 输出: 
2025-03-17 23:18:04,210 - INFO - 方法3 (顶层活动) 输出: 
2025-03-17 23:18:04,581 - INFO - 方法4 (进程列表) 输出: 
2025-03-17 23:18:04,901 - INFO - 方法5 (窗口列表) 输出: 
2025-03-17 23:18:05,285 - INFO - 方法6 (完整窗口焦点) 输出: 
2025-03-17 23:18:05,719 - INFO - 方法7 (任务列表) 输出: RootTask id=155 bounds=[0,0][1080,2376] displayId=0 userId=0
 configuration={1.0 454mcc12mnc [zh_CN_#Hans] ldltr sw360dp w360dp h755dp 480dpi nrml long port finger -keyb/v/h -nav/h winConfig={ mBounds=Rect(0, 0 - 1080, 2376) mAppBounds=Rect(0, 110 - 1080, 2376) mMaxBounds=Rect(0, 0 - 1080, 2376) mWindowingMode=fullscreen mDisplayWindowingMode=fullscreen mActivityType=standard mAlwaysOnTop=undefined mRotation=ROTATION_0 mPopOverMode=0} suim:1 extflag:8 s.17 fontWeightAdjustment=0}
  taskId=155: com.huawei.fastapp/com.huawei.fastapp.app.processManager.RpkLoaderActivityEntry0 bounds=[0,0][1080,2376] userId=0 visible=true topActivity=ComponentInfo{com.huawei.fastapp/com.huawei.fastapp.app.processManager.RpkLoaderActivityEntry0}

RootTask id=147 bounds=[0,0][1080,2376] displayId=0 userId=0
 configuration={1.0 454mcc12mnc [zh_CN_#Hans] ldltr sw360dp w360dp h755dp 480dpi nrml long port finger -keyb/v/h -nav/h winConfig={ mBounds=Rect(0, 0 - 1080, 2376) mAppBounds=Rect(0, 110 - 1080, 2376) mMaxBounds=Rect(0, 0 - 1080, 2376) mWindowingMode=fullscreen mDisplayWindowingMode=fullscreen mActivityType=standard mAlwaysOnTop=undefined mRotation=ROTATION_0 mPopOverMode=0} suim:1 extflag:8 s.17 fontWeightAdjustment=0}
  taskId=147: com.huawei.fastapp/com.huawei.fastapp.app.management.ui.ManagerActivity bounds=[0,0][1080,2376] userId=0 visible=false topActivity=ComponentInfo{com.huawei.fastapp/com.huawei.fastapp.app.management.ui.FastAppCenterActivity}

RootTask id=1 bounds=[0,0][1080,2376] displayId=0 userId=0
 configuration={1.0 454mcc12mnc [zh_CN_#Hans] ldltr sw360dp w360dp h755dp 480dpi nrml long port finger -keyb/v/h -nav/h winConfig={ mBounds=Rect(0, 0 - 1080, 2376) mAppBounds=Rect(0, 110 - 1080, 2376) mMaxBounds=Rect(0, 0 - 1080, 2376) mWindowingMode=fullscreen mDisplayWindowingMode=fullscreen mActivityType=home mAlwaysOnTop=undefined mRotation=ROTATION_0 mPopOverMode=0} suim:1 extflag:8 s.17 fontWeightAdjustment=0}
  taskId=7: com.huawei.android.launcher/com.huawei.android.launcher.unihome.UniHomeLauncher bounds=[0,0][1080,2376] userId=0 visible=false topActivity=ComponentInfo{com.huawei.android.launcher/com.huawei.android.launcher.unihome.UniHomeLauncher}

RootTask id=146 bounds=[0,0][1080,2376] displayId=0 userId=0
 configuration={1.0 454mcc12mnc [zh_CN_#Hans] ldltr sw360dp w360dp h755dp 480dpi nrml long port finger -keyb/v/h -nav/h winConfig={ mBounds=Rect(0, 0 - 1080, 2376) mAppBounds=Rect(0, 110 - 1080, 2376) mMaxBounds=Rect(0, 0 - 1080, 2376) mWindowingMode=fullscreen mDisplayWindowingMode=fullscreen mActivityType=standard mAlwaysOnTop=undefined mRotation=ROTATION_0 mPopOverMode=0} suim:1 extflag:8 s.17 fontWeightAdjustment=0}
  taskId=146: com.huawei.appmarket/com.huawei.appmarket.MainActivity bounds=[0,0][1080,2376] userId=0 visible=false topActivity=ComponentInfo{com.huawei.appmarket/com.huawei.appmarket.MarketActivity}

RootTask id=2 bounds=[0,0][1080,2376] displayId=0 userId=0
 configuration={1.0 454mcc12mnc [zh_CN_#Hans] ldltr sw360dp w360dp h755dp 480dpi nrml long port finger -keyb/v/h -nav/h winConfig={ mBounds=Rect(0, 0 - 1080, 2376) mAppBounds=Rect(0, 110 - 1080, 2376) mMaxBounds=Rect(0, 0 - 1080, 2376) mWindowingMode=fullscreen mDisplayWindowingMode=fullscreen mActivityType=undefined mAlwaysOnTop=undefined mRotation=ROTATION_0 mPopOverMode=0} suim:1 extflag:8 s.17 fontWeightAdjustment=0}
  taskId=2: unknown bounds=[0,0][1080,2376] userId=0 visible=false

RootTask id=3 bounds=[0,0][1080,2376] displayId=0 userId=0
 configuration={1.0 454mcc12mnc [zh_CN_#Hans] ldltr sw360dp w360dp h755dp 480dpi nrml long port finger -keyb/v/h -nav/h winConfig={ mBounds=Rect(0, 0 - 1080, 2376) mAppBounds=Rect(0, 110 - 1080, 2376) mMaxBounds=Rect(0, 0 - 1080, 2376) mWindowingMode=multi-window mDisplayWindowingMode=fullscreen mActivityType=undefined mAlwaysOnTop=undefined mRotation=ROTATION_0 mPopOverMode=0} suim:1 extflag:8 s.17 fontWeightAdjustment=0}
  taskId=3: unknown bounds=[0,0][1080,2376] userId=0 visible=false

RootTask id=4 bounds=[0,0][1080,2376] displayId=0 userId=0
 configuration={1.0 454mcc12mnc [zh_CN_#Hans] ldltr sw360dp w360dp h755dp 480dpi nrml long port finger -keyb/v/h -nav/h winConfig={ mBounds=Rect(0, 0 - 1080, 2376) mAppBounds=Rect(0, 110 - 1080, 2376) mMaxBounds=Rect(0, 0 - 1080, 2376) mWindowingMode=multi-window mDisplayWindowingMode=fullscreen mActivityType=undefined mAlwaysOnTop=undefined mRotation=ROTATION_0 mPopOverMode=0} suim:1 extflag:8 s.17 fontWeightAdjustment=0}
  taskId=4: unknown bounds=[0,0][1080,2376] userId=0 visible=false

RootTask id=5 bounds=[0,0][1080,1175] displayId=0 userId=0
 configuration={1.0 454mcc12mnc [zh_CN_#Hans] ldltr sw355dp w360dp h355dp 480dpi smll land finger -keyb/v/h -nav/h winConfig={ mBounds=Rect(0, 0 - 1080, 1175) mAppBounds=Rect(0, 110 - 1080, 1175) mMaxBounds=Rect(0, 0 - 1080, 2376) mWindowingMode=split-screen-primary mDisplayWindowingMode=fullscreen mActivityType=undefined mAlwaysOnTop=undefined mRotation=ROTATION_0 mPopOverMode=0} suim:1 extflag:8 s.17 fontWeightAdjustment=0}
  taskId=5: unknown bounds=[0,0][1080,1175] userId=0 visible=false

RootTask id=6 bounds=[0,1199][1080,2376] displayId=0 userId=0
 configuration={1.0 454mcc12mnc [zh_CN_#Hans] ldltr sw355dp w360dp h392dp 480dpi smll port finger -keyb/v/h -nav/h winConfig={ mBounds=Rect(0, 1199 - 1080, 2376) mAppBounds=Rect(0, 1199 - 1080, 2376) mMaxBounds=Rect(0, 0 - 1080, 2376) mWindowingMode=split-screen-secondary mDisplayWindowingMode=fullscreen mActivityType=undefined mAlwaysOnTop=undefined mRotation=ROTATION_0 mPopOverMode=0} suim:1 extflag:8 s.17 fontWeightAdjustment=0}
  taskId=6: unknown bounds=[0,1199][1080,2376] userId=0 visible=false
2025-03-17 23:18:06,284 - INFO - 方法8 (相关包名) 输出: 
2025-03-17 23:18:07,200 - INFO - 方法9 (最近任务) 输出: ACTIVITY MANAGER RECENT TASKS (dumpsys activity recents)
mRecentsUid=10093
mRecentsComponent=ComponentInfo{com.huawei.android.launcher/com.huawei.android.launcher.quickstep.RecentsActivity}
mFreezeTas...
2025-03-17 23:18:07,700 - INFO - 方法10 (当前运行活动) 输出: 
2025-03-17 23:18:08,778 - INFO - 方法11 (原始窗口信息) 输出: ...
2025-03-17 23:18:11,631 - INFO - 方法12 (华为浏览器) 输出: ...
2025-03-17 23:18:12,528 - INFO - 方法13 (宽松进程匹配) 输出: 
2025-03-17 23:18:13,115 - INFO - 方法14 (华为服务) 输出: ...
2025-03-17 23:18:13,769 - INFO - 方法15 (前台服务) 输出: ...
2025-03-17 23:18:14,235 - INFO - 方法16 (CPU占用) 输出: 
2025-03-17 23:18:16,670 - INFO - 方法17 (屏幕截图) 输出: 截图已保存至 tmp_screen.png
2025-03-17 23:18:22,847 - INFO - 方法18 (应用使用统计) 输出: 
2025-03-17 23:18:23,859 - INFO - 方法19 (mFocusedApp) 输出: 
2025-03-17 23:18:24,684 - INFO - 方法20 (华为相关应用) 输出: 
2025-03-17 23:18:25,532 - INFO - 方法1 (当前窗口焦点) 输出: 
2025-03-17 23:18:26,771 - INFO - 方法2 (活动栈) 输出: 
2025-03-17 23:18:27,213 - INFO - 方法3 (顶层活动) 输出: 
2025-03-17 23:18:27,646 - INFO - 方法4 (进程列表) 输出: 
2025-03-17 23:18:28,024 - INFO - 方法5 (窗口列表) 输出: 
2025-03-17 23:18:28,427 - INFO - 方法6 (完整窗口焦点) 输出: 
2025-03-17 23:18:28,913 - INFO - 方法7 (任务列表) 输出: RootTask id=155 bounds=[0,0][1080,2376] displayId=0 userId=0
 configuration={1.0 454mcc12mnc [zh_CN_#Hans] ldltr sw360dp w360dp h755dp 480dpi nrml long port finger -keyb/v/h -nav/h winConfig={ mBounds=Rect(0, 0 - 1080, 2376) mAppBounds=Rect(0, 110 - 1080, 2376) mMaxBounds=Rect(0, 0 - 1080, 2376) mWindowingMode=fullscreen mDisplayWindowingMode=fullscreen mActivityType=standard mAlwaysOnTop=undefined mRotation=ROTATION_0 mPopOverMode=0} suim:1 extflag:8 s.17 fontWeightAdjustment=0}
  taskId=155: com.huawei.fastapp/com.huawei.fastapp.app.processManager.RpkLoaderActivityEntry0 bounds=[0,0][1080,2376] userId=0 visible=true topActivity=ComponentInfo{com.huawei.fastapp/com.huawei.fastapp.app.processManager.RpkLoaderActivityEntry0}

RootTask id=147 bounds=[0,0][1080,2376] displayId=0 userId=0
 configuration={1.0 454mcc12mnc [zh_CN_#Hans] ldltr sw360dp w360dp h755dp 480dpi nrml long port finger -keyb/v/h -nav/h winConfig={ mBounds=Rect(0, 0 - 1080, 2376) mAppBounds=Rect(0, 110 - 1080, 2376) mMaxBounds=Rect(0, 0 - 1080, 2376) mWindowingMode=fullscreen mDisplayWindowingMode=fullscreen mActivityType=standard mAlwaysOnTop=undefined mRotation=ROTATION_0 mPopOverMode=0} suim:1 extflag:8 s.17 fontWeightAdjustment=0}
  taskId=147: com.huawei.fastapp/com.huawei.fastapp.app.management.ui.ManagerActivity bounds=[0,0][1080,2376] userId=0 visible=false topActivity=ComponentInfo{com.huawei.fastapp/com.huawei.fastapp.app.management.ui.FastAppCenterActivity}

RootTask id=1 bounds=[0,0][1080,2376] displayId=0 userId=0
 configuration={1.0 454mcc12mnc [zh_CN_#Hans] ldltr sw360dp w360dp h755dp 480dpi nrml long port finger -keyb/v/h -nav/h winConfig={ mBounds=Rect(0, 0 - 1080, 2376) mAppBounds=Rect(0, 110 - 1080, 2376) mMaxBounds=Rect(0, 0 - 1080, 2376) mWindowingMode=fullscreen mDisplayWindowingMode=fullscreen mActivityType=home mAlwaysOnTop=undefined mRotation=ROTATION_0 mPopOverMode=0} suim:1 extflag:8 s.17 fontWeightAdjustment=0}
  taskId=7: com.huawei.android.launcher/com.huawei.android.launcher.unihome.UniHomeLauncher bounds=[0,0][1080,2376] userId=0 visible=false topActivity=ComponentInfo{com.huawei.android.launcher/com.huawei.android.launcher.unihome.UniHomeLauncher}

RootTask id=146 bounds=[0,0][1080,2376] displayId=0 userId=0
 configuration={1.0 454mcc12mnc [zh_CN_#Hans] ldltr sw360dp w360dp h755dp 480dpi nrml long port finger -keyb/v/h -nav/h winConfig={ mBounds=Rect(0, 0 - 1080, 2376) mAppBounds=Rect(0, 110 - 1080, 2376) mMaxBounds=Rect(0, 0 - 1080, 2376) mWindowingMode=fullscreen mDisplayWindowingMode=fullscreen mActivityType=standard mAlwaysOnTop=undefined mRotation=ROTATION_0 mPopOverMode=0} suim:1 extflag:8 s.17 fontWeightAdjustment=0}
  taskId=146: com.huawei.appmarket/com.huawei.appmarket.MainActivity bounds=[0,0][1080,2376] userId=0 visible=false topActivity=ComponentInfo{com.huawei.appmarket/com.huawei.appmarket.MarketActivity}

RootTask id=2 bounds=[0,0][1080,2376] displayId=0 userId=0
 configuration={1.0 454mcc12mnc [zh_CN_#Hans] ldltr sw360dp w360dp h755dp 480dpi nrml long port finger -keyb/v/h -nav/h winConfig={ mBounds=Rect(0, 0 - 1080, 2376) mAppBounds=Rect(0, 110 - 1080, 2376) mMaxBounds=Rect(0, 0 - 1080, 2376) mWindowingMode=fullscreen mDisplayWindowingMode=fullscreen mActivityType=undefined mAlwaysOnTop=undefined mRotation=ROTATION_0 mPopOverMode=0} suim:1 extflag:8 s.17 fontWeightAdjustment=0}
  taskId=2: unknown bounds=[0,0][1080,2376] userId=0 visible=false

RootTask id=3 bounds=[0,0][1080,2376] displayId=0 userId=0
 configuration={1.0 454mcc12mnc [zh_CN_#Hans] ldltr sw360dp w360dp h755dp 480dpi nrml long port finger -keyb/v/h -nav/h winConfig={ mBounds=Rect(0, 0 - 1080, 2376) mAppBounds=Rect(0, 110 - 1080, 2376) mMaxBounds=Rect(0, 0 - 1080, 2376) mWindowingMode=multi-window mDisplayWindowingMode=fullscreen mActivityType=undefined mAlwaysOnTop=undefined mRotation=ROTATION_0 mPopOverMode=0} suim:1 extflag:8 s.17 fontWeightAdjustment=0}
  taskId=3: unknown bounds=[0,0][1080,2376] userId=0 visible=false

RootTask id=4 bounds=[0,0][1080,2376] displayId=0 userId=0
 configuration={1.0 454mcc12mnc [zh_CN_#Hans] ldltr sw360dp w360dp h755dp 480dpi nrml long port finger -keyb/v/h -nav/h winConfig={ mBounds=Rect(0, 0 - 1080, 2376) mAppBounds=Rect(0, 110 - 1080, 2376) mMaxBounds=Rect(0, 0 - 1080, 2376) mWindowingMode=multi-window mDisplayWindowingMode=fullscreen mActivityType=undefined mAlwaysOnTop=undefined mRotation=ROTATION_0 mPopOverMode=0} suim:1 extflag:8 s.17 fontWeightAdjustment=0}
  taskId=4: unknown bounds=[0,0][1080,2376] userId=0 visible=false

RootTask id=5 bounds=[0,0][1080,1175] displayId=0 userId=0
 configuration={1.0 454mcc12mnc [zh_CN_#Hans] ldltr sw355dp w360dp h355dp 480dpi smll land finger -keyb/v/h -nav/h winConfig={ mBounds=Rect(0, 0 - 1080, 1175) mAppBounds=Rect(0, 110 - 1080, 1175) mMaxBounds=Rect(0, 0 - 1080, 2376) mWindowingMode=split-screen-primary mDisplayWindowingMode=fullscreen mActivityType=undefined mAlwaysOnTop=undefined mRotation=ROTATION_0 mPopOverMode=0} suim:1 extflag:8 s.17 fontWeightAdjustment=0}
  taskId=5: unknown bounds=[0,0][1080,1175] userId=0 visible=false

RootTask id=6 bounds=[0,1199][1080,2376] displayId=0 userId=0
 configuration={1.0 454mcc12mnc [zh_CN_#Hans] ldltr sw355dp w360dp h392dp 480dpi smll port finger -keyb/v/h -nav/h winConfig={ mBounds=Rect(0, 1199 - 1080, 2376) mAppBounds=Rect(0, 1199 - 1080, 2376) mMaxBounds=Rect(0, 0 - 1080, 2376) mWindowingMode=split-screen-secondary mDisplayWindowingMode=fullscreen mActivityType=undefined mAlwaysOnTop=undefined mRotation=ROTATION_0 mPopOverMode=0} suim:1 extflag:8 s.17 fontWeightAdjustment=0}
  taskId=6: unknown bounds=[0,1199][1080,2376] userId=0 visible=false
2025-03-17 23:18:38,598 - INFO - 方法8 (相关包名) 输出: 
2025-03-17 23:18:39,537 - INFO - 方法9 (最近任务) 输出: ACTIVITY MANAGER RECENT TASKS (dumpsys activity recents)
mRecentsUid=10093
mRecentsComponent=ComponentInfo{com.huawei.android.launcher/com.huawei.android.launcher.quickstep.RecentsActivity}
mFreezeTas...
2025-03-17 23:19:19,959 - INFO - 用户中断检测
2025-03-17 23:19:21,182 - INFO - === 华为快应用检测工具 ===
2025-03-17 23:19:21,223 - INFO - 方法1 (当前窗口焦点) 输出: 
2025-03-17 23:19:22,706 - INFO - 方法2 (活动栈) 输出: 
2025-03-17 23:19:23,100 - INFO - 方法3 (顶层活动) 输出: 
2025-03-17 23:19:23,366 - INFO - 方法4 (进程列表) 输出: 
2025-03-17 23:19:23,656 - INFO - 方法5 (窗口列表) 输出: 
2025-03-17 23:19:23,916 - INFO - 方法6 (完整窗口焦点) 输出: 
2025-03-17 23:19:24,315 - INFO - 方法7 (任务列表) 输出: RootTask id=147 bounds=[0,0][1080,2376] displayId=0 userId=0
 configuration={1.0 454mcc12mnc [zh_CN_#Hans] ldltr sw360dp w360dp h755dp 480dpi nrml long port finger -keyb/v/h -nav/h winConfig={ mBounds=Rect(0, 0 - 1080, 2376) mAppBounds=Rect(0, 110 - 1080, 2376) mMaxBounds=Rect(0, 0 - 1080, 2376) mWindowingMode=fullscreen mDisplayWindowingMode=fullscreen mActivityType=standard mAlwaysOnTop=undefined mRotation=ROTATION_0 mPopOverMode=0} suim:1 extflag:8 s.17 fontWeightAdjustment=0}
  taskId=147: com.huawei.fastapp/com.huawei.fastapp.app.management.ui.ManagerActivity bounds=[0,0][1080,2376] userId=0 visible=true topActivity=ComponentInfo{com.huawei.fastapp/com.huawei.fastapp.app.management.ui.FastAppCenterActivity}

RootTask id=1 bounds=[0,0][1080,2376] displayId=0 userId=0
 configuration={1.0 454mcc12mnc [zh_CN_#Hans] ldltr sw360dp w360dp h755dp 480dpi nrml long port finger -keyb/v/h -nav/h winConfig={ mBounds=Rect(0, 0 - 1080, 2376) mAppBounds=Rect(0, 110 - 1080, 2376) mMaxBounds=Rect(0, 0 - 1080, 2376) mWindowingMode=fullscreen mDisplayWindowingMode=fullscreen mActivityType=home mAlwaysOnTop=undefined mRotation=ROTATION_0 mPopOverMode=0} suim:1 extflag:8 s.17 fontWeightAdjustment=0}
  taskId=7: com.huawei.android.launcher/com.huawei.android.launcher.unihome.UniHomeLauncher bounds=[0,0][1080,2376] userId=0 visible=false topActivity=ComponentInfo{com.huawei.android.launcher/com.huawei.android.launcher.unihome.UniHomeLauncher}

RootTask id=146 bounds=[0,0][1080,2376] displayId=0 userId=0
 configuration={1.0 454mcc12mnc [zh_CN_#Hans] ldltr sw360dp w360dp h755dp 480dpi nrml long port finger -keyb/v/h -nav/h winConfig={ mBounds=Rect(0, 0 - 1080, 2376) mAppBounds=Rect(0, 110 - 1080, 2376) mMaxBounds=Rect(0, 0 - 1080, 2376) mWindowingMode=fullscreen mDisplayWindowingMode=fullscreen mActivityType=standard mAlwaysOnTop=undefined mRotation=ROTATION_0 mPopOverMode=0} suim:1 extflag:8 s.17 fontWeightAdjustment=0}
  taskId=146: com.huawei.appmarket/com.huawei.appmarket.MainActivity bounds=[0,0][1080,2376] userId=0 visible=false topActivity=ComponentInfo{com.huawei.appmarket/com.huawei.appmarket.MarketActivity}

RootTask id=2 bounds=[0,0][1080,2376] displayId=0 userId=0
 configuration={1.0 454mcc12mnc [zh_CN_#Hans] ldltr sw360dp w360dp h755dp 480dpi nrml long port finger -keyb/v/h -nav/h winConfig={ mBounds=Rect(0, 0 - 1080, 2376) mAppBounds=Rect(0, 110 - 1080, 2376) mMaxBounds=Rect(0, 0 - 1080, 2376) mWindowingMode=fullscreen mDisplayWindowingMode=fullscreen mActivityType=undefined mAlwaysOnTop=undefined mRotation=ROTATION_0 mPopOverMode=0} suim:1 extflag:8 s.17 fontWeightAdjustment=0}
  taskId=2: unknown bounds=[0,0][1080,2376] userId=0 visible=false

RootTask id=3 bounds=[0,0][1080,2376] displayId=0 userId=0
 configuration={1.0 454mcc12mnc [zh_CN_#Hans] ldltr sw360dp w360dp h755dp 480dpi nrml long port finger -keyb/v/h -nav/h winConfig={ mBounds=Rect(0, 0 - 1080, 2376) mAppBounds=Rect(0, 110 - 1080, 2376) mMaxBounds=Rect(0, 0 - 1080, 2376) mWindowingMode=multi-window mDisplayWindowingMode=fullscreen mActivityType=undefined mAlwaysOnTop=undefined mRotation=ROTATION_0 mPopOverMode=0} suim:1 extflag:8 s.17 fontWeightAdjustment=0}
  taskId=3: unknown bounds=[0,0][1080,2376] userId=0 visible=false

RootTask id=4 bounds=[0,0][1080,2376] displayId=0 userId=0
 configuration={1.0 454mcc12mnc [zh_CN_#Hans] ldltr sw360dp w360dp h755dp 480dpi nrml long port finger -keyb/v/h -nav/h winConfig={ mBounds=Rect(0, 0 - 1080, 2376) mAppBounds=Rect(0, 110 - 1080, 2376) mMaxBounds=Rect(0, 0 - 1080, 2376) mWindowingMode=multi-window mDisplayWindowingMode=fullscreen mActivityType=undefined mAlwaysOnTop=undefined mRotation=ROTATION_0 mPopOverMode=0} suim:1 extflag:8 s.17 fontWeightAdjustment=0}
  taskId=4: unknown bounds=[0,0][1080,2376] userId=0 visible=false

RootTask id=5 bounds=[0,0][1080,1175] displayId=0 userId=0
 configuration={1.0 454mcc12mnc [zh_CN_#Hans] ldltr sw355dp w360dp h355dp 480dpi smll land finger -keyb/v/h -nav/h winConfig={ mBounds=Rect(0, 0 - 1080, 1175) mAppBounds=Rect(0, 110 - 1080, 1175) mMaxBounds=Rect(0, 0 - 1080, 2376) mWindowingMode=split-screen-primary mDisplayWindowingMode=fullscreen mActivityType=undefined mAlwaysOnTop=undefined mRotation=ROTATION_0 mPopOverMode=0} suim:1 extflag:8 s.17 fontWeightAdjustment=0}
  taskId=5: unknown bounds=[0,0][1080,1175] userId=0 visible=false

RootTask id=6 bounds=[0,1199][1080,2376] displayId=0 userId=0
 configuration={1.0 454mcc12mnc [zh_CN_#Hans] ldltr sw355dp w360dp h392dp 480dpi smll port finger -keyb/v/h -nav/h winConfig={ mBounds=Rect(0, 1199 - 1080, 2376) mAppBounds=Rect(0, 1199 - 1080, 2376) mMaxBounds=Rect(0, 0 - 1080, 2376) mWindowingMode=split-screen-secondary mDisplayWindowingMode=fullscreen mActivityType=undefined mAlwaysOnTop=undefined mRotation=ROTATION_0 mPopOverMode=0} suim:1 extflag:8 s.17 fontWeightAdjustment=0}
  taskId=6: unknown bounds=[0,1199][1080,2376] userId=0 visible=false
2025-03-17 23:19:28,166 - INFO - 方法8 (相关包名) 输出: 
2025-03-17 23:19:29,734 - INFO - 方法9 (最近任务) 输出: ACTIVITY MANAGER RECENT TASKS (dumpsys activity recents)
mRecentsUid=10093
mRecentsComponent=ComponentInfo{com.huawei.android.launcher/com.huawei.android.launcher.quickstep.RecentsActivity}
mFreezeTas...
2025-03-17 23:19:31,319 - INFO - 方法10 (当前运行活动) 输出: 
2025-03-17 23:19:32,740 - INFO - 方法11 (原始窗口信息) 输出: ...
2025-03-17 23:19:33,114 - INFO - 方法12 (华为浏览器) 输出: ...
2025-03-17 23:19:33,435 - INFO - 方法13 (宽松进程匹配) 输出: 
2025-03-17 23:19:33,727 - INFO - 方法14 (华为服务) 输出: ...
2025-03-17 23:19:34,006 - INFO - 方法15 (前台服务) 输出: ...
2025-03-17 23:19:34,289 - INFO - 方法16 (CPU占用) 输出: 
2025-03-17 23:19:35,803 - INFO - 方法17 (屏幕截图) 输出: 截图已保存至 tmp_screen.png
2025-03-17 23:19:36,565 - INFO - 方法18 (应用使用统计) 输出: 
2025-03-17 23:19:37,677 - INFO - 方法19 (mFocusedApp) 输出: 
2025-03-17 23:19:38,603 - INFO - 方法20 (华为相关应用) 输出: 
2025-03-17 23:21:10,820 - INFO - 用户中断检测
2025-03-17 23:21:12,351 - INFO - === 华为快应用检测工具 ===
2025-03-17 23:21:12,394 - INFO - 方法1 (当前窗口焦点) 输出: 
2025-03-17 23:21:14,094 - INFO - 方法2 (活动栈) 输出: 
2025-03-17 23:21:14,544 - INFO - 方法3 (顶层活动) 输出: 
2025-03-17 23:21:15,050 - INFO - 方法4 (进程列表) 输出: 
2025-03-17 23:21:15,089 - INFO - 方法5 (窗口列表) 输出: 
2025-03-17 23:21:15,150 - INFO - 方法6 (完整窗口焦点) 输出: 
2025-03-17 23:21:15,362 - INFO - 方法7 (任务列表) 输出: RootTask id=1 bounds=[0,0][1080,2376] displayId=0 userId=0
 configuration={1.0 454mcc12mnc [zh_CN_#Hans] ldltr sw360dp w360dp h755dp 480dpi nrml long port finger -keyb/v/h -nav/h winConfig={ mBounds=Rect(0, 0 - 1080, 2376) mAppBounds=Rect(0, 110 - 1080, 2376) mMaxBounds=Rect(0, 0 - 1080, 2376) mWindowingMode=fullscreen mDisplayWindowingMode=fullscreen mActivityType=home mAlwaysOnTop=undefined mRotation=ROTATION_0 mPopOverMode=0} suim:1 extflag:8 s.17 fontWeightAdjustment=0}
  taskId=7: com.huawei.android.launcher/com.huawei.android.launcher.unihome.UniHomeLauncher bounds=[0,0][1080,2376] userId=0 visible=true topActivity=ComponentInfo{com.huawei.android.launcher/com.huawei.android.launcher.unihome.UniHomeLauncher}

RootTask id=146 bounds=[0,0][1080,2376] displayId=0 userId=0
 configuration={1.0 454mcc12mnc [zh_CN_#Hans] ldltr sw360dp w360dp h755dp 480dpi nrml long port finger -keyb/v/h -nav/h winConfig={ mBounds=Rect(0, 0 - 1080, 2376) mAppBounds=Rect(0, 110 - 1080, 2376) mMaxBounds=Rect(0, 0 - 1080, 2376) mWindowingMode=fullscreen mDisplayWindowingMode=fullscreen mActivityType=standard mAlwaysOnTop=undefined mRotation=ROTATION_0 mPopOverMode=0} suim:1 extflag:8 s.17 fontWeightAdjustment=0}
  taskId=146: com.huawei.appmarket/com.huawei.appmarket.MainActivity bounds=[0,0][1080,2376] userId=0 visible=false topActivity=ComponentInfo{com.huawei.appmarket/com.huawei.appmarket.MarketActivity}

RootTask id=2 bounds=[0,0][1080,2376] displayId=0 userId=0
 configuration={1.0 454mcc12mnc [zh_CN_#Hans] ldltr sw360dp w360dp h755dp 480dpi nrml long port finger -keyb/v/h -nav/h winConfig={ mBounds=Rect(0, 0 - 1080, 2376) mAppBounds=Rect(0, 110 - 1080, 2376) mMaxBounds=Rect(0, 0 - 1080, 2376) mWindowingMode=fullscreen mDisplayWindowingMode=fullscreen mActivityType=undefined mAlwaysOnTop=undefined mRotation=ROTATION_0 mPopOverMode=0} suim:1 extflag:8 s.17 fontWeightAdjustment=0}
  taskId=2: unknown bounds=[0,0][1080,2376] userId=0 visible=false

RootTask id=3 bounds=[0,0][1080,2376] displayId=0 userId=0
 configuration={1.0 454mcc12mnc [zh_CN_#Hans] ldltr sw360dp w360dp h755dp 480dpi nrml long port finger -keyb/v/h -nav/h winConfig={ mBounds=Rect(0, 0 - 1080, 2376) mAppBounds=Rect(0, 110 - 1080, 2376) mMaxBounds=Rect(0, 0 - 1080, 2376) mWindowingMode=multi-window mDisplayWindowingMode=fullscreen mActivityType=undefined mAlwaysOnTop=undefined mRotation=ROTATION_0 mPopOverMode=0} suim:1 extflag:8 s.17 fontWeightAdjustment=0}
  taskId=3: unknown bounds=[0,0][1080,2376] userId=0 visible=false

RootTask id=4 bounds=[0,0][1080,2376] displayId=0 userId=0
 configuration={1.0 454mcc12mnc [zh_CN_#Hans] ldltr sw360dp w360dp h755dp 480dpi nrml long port finger -keyb/v/h -nav/h winConfig={ mBounds=Rect(0, 0 - 1080, 2376) mAppBounds=Rect(0, 110 - 1080, 2376) mMaxBounds=Rect(0, 0 - 1080, 2376) mWindowingMode=multi-window mDisplayWindowingMode=fullscreen mActivityType=undefined mAlwaysOnTop=undefined mRotation=ROTATION_0 mPopOverMode=0} suim:1 extflag:8 s.17 fontWeightAdjustment=0}
  taskId=4: unknown bounds=[0,0][1080,2376] userId=0 visible=false

RootTask id=5 bounds=[0,0][1080,1175] displayId=0 userId=0
 configuration={1.0 454mcc12mnc [zh_CN_#Hans] ldltr sw355dp w360dp h355dp 480dpi smll land finger -keyb/v/h -nav/h winConfig={ mBounds=Rect(0, 0 - 1080, 1175) mAppBounds=Rect(0, 110 - 1080, 1175) mMaxBounds=Rect(0, 0 - 1080, 2376) mWindowingMode=split-screen-primary mDisplayWindowingMode=fullscreen mActivityType=undefined mAlwaysOnTop=undefined mRotation=ROTATION_0 mPopOverMode=0} suim:1 extflag:8 s.17 fontWeightAdjustment=0}
  taskId=5: unknown bounds=[0,0][1080,1175] userId=0 visible=false

RootTask id=6 bounds=[0,1199][1080,2376] displayId=0 userId=0
 configuration={1.0 454mcc12mnc [zh_CN_#Hans] ldltr sw355dp w360dp h392dp 480dpi smll port finger -keyb/v/h -nav/h winConfig={ mBounds=Rect(0, 1199 - 1080, 2376) mAppBounds=Rect(0, 1199 - 1080, 2376) mMaxBounds=Rect(0, 0 - 1080, 2376) mWindowingMode=split-screen-secondary mDisplayWindowingMode=fullscreen mActivityType=undefined mAlwaysOnTop=undefined mRotation=ROTATION_0 mPopOverMode=0} suim:1 extflag:8 s.17 fontWeightAdjustment=0}
  taskId=6: unknown bounds=[0,1199][1080,2376] userId=0 visible=false
2025-03-17 23:21:15,416 - INFO - 方法8 (相关包名) 输出: 
2025-03-17 23:21:15,589 - INFO - 方法9 (最近任务) 输出: ACTIVITY MANAGER RECENT TASKS (dumpsys activity recents)
mRecentsUid=10093
mRecentsComponent=ComponentInfo{com.huawei.android.launcher/com.huawei.android.launcher.quickstep.RecentsActivity}
mFreezeTas...
2025-03-17 23:21:16,108 - INFO - 用户中断检测
2025-03-17 23:21:25,399 - INFO - === 华为快应用检测工具 ===
2025-03-17 23:21:25,441 - INFO - 方法1 (当前窗口焦点) 输出: 
2025-03-17 23:21:26,215 - INFO - 方法2 (活动栈) 输出: 
2025-03-17 23:21:26,718 - INFO - 方法3 (顶层活动) 输出: 
2025-03-17 23:21:26,756 - INFO - 方法4 (进程列表) 输出: 
2025-03-17 23:21:26,794 - INFO - 方法5 (窗口列表) 输出: 
2025-03-17 23:21:26,856 - INFO - 方法6 (完整窗口焦点) 输出: 
2025-03-17 23:21:27,000 - INFO - 方法7 (任务列表) 输出: RootTask id=157 bounds=[0,0][1080,2376] displayId=0 userId=0
 configuration={1.0 454mcc12mnc [zh_CN_#Hans] ldltr sw360dp w360dp h755dp 480dpi nrml long port finger -keyb/v/h -nav/h winConfig={ mBounds=Rect(0, 0 - 1080, 2376) mAppBounds=Rect(0, 110 - 1080, 2376) mMaxBounds=Rect(0, 0 - 1080, 2376) mWindowingMode=fullscreen mDisplayWindowingMode=fullscreen mActivityType=standard mAlwaysOnTop=undefined mRotation=ROTATION_0 mPopOverMode=0} suim:1 extflag:8 s.17 fontWeightAdjustment=0}
  taskId=157: com.huawei.fastapp/com.huawei.fastapp.app.processManager.RpkLoaderActivityEntry0 bounds=[0,0][1080,2376] userId=0 visible=true topActivity=ComponentInfo{com.huawei.fastapp/com.huawei.fastapp.app.processManager.RpkLoaderActivityEntry0}

RootTask id=156 bounds=[0,0][1080,2376] displayId=0 userId=0
 configuration={1.0 454mcc12mnc [zh_CN_#Hans] ldltr sw360dp w360dp h755dp 480dpi nrml long port finger -keyb/v/h -nav/h winConfig={ mBounds=Rect(0, 0 - 1080, 2376) mAppBounds=Rect(0, 110 - 1080, 2376) mMaxBounds=Rect(0, 0 - 1080, 2376) mWindowingMode=fullscreen mDisplayWindowingMode=fullscreen mActivityType=standard mAlwaysOnTop=undefined mRotation=ROTATION_0 mPopOverMode=0} suim:1 extflag:8 s.17 fontWeightAdjustment=0}
  taskId=156: com.huawei.fastapp/com.huawei.fastapp.app.management.ui.ManagerActivity bounds=[0,0][1080,2376] userId=0 visible=false topActivity=ComponentInfo{com.huawei.fastapp/com.huawei.fastapp.app.management.ui.FastAppCenterActivity}

RootTask id=146 bounds=[0,0][1080,2376] displayId=0 userId=0
 configuration={1.0 454mcc12mnc [zh_CN_#Hans] ldltr sw360dp w360dp h755dp 480dpi nrml long port finger -keyb/v/h -nav/h winConfig={ mBounds=Rect(0, 0 - 1080, 2376) mAppBounds=Rect(0, 110 - 1080, 2376) mMaxBounds=Rect(0, 0 - 1080, 2376) mWindowingMode=fullscreen mDisplayWindowingMode=fullscreen mActivityType=standard mAlwaysOnTop=undefined mRotation=ROTATION_0 mPopOverMode=0} suim:1 extflag:8 s.17 fontWeightAdjustment=0}
  taskId=146: com.huawei.appmarket/com.huawei.appmarket.MainActivity bounds=[0,0][1080,2376] userId=0 visible=false topActivity=ComponentInfo{com.huawei.appmarket/com.huawei.appmarket.MarketActivity}

RootTask id=1 bounds=[0,0][1080,2376] displayId=0 userId=0
 configuration={1.0 454mcc12mnc [zh_CN_#Hans] ldltr sw360dp w360dp h755dp 480dpi nrml long port finger -keyb/v/h -nav/h winConfig={ mBounds=Rect(0, 0 - 1080, 2376) mAppBounds=Rect(0, 110 - 1080, 2376) mMaxBounds=Rect(0, 0 - 1080, 2376) mWindowingMode=fullscreen mDisplayWindowingMode=fullscreen mActivityType=home mAlwaysOnTop=undefined mRotation=ROTATION_0 mPopOverMode=0} suim:1 extflag:8 s.17 fontWeightAdjustment=0}
  taskId=7: com.huawei.android.launcher/com.huawei.android.launcher.unihome.UniHomeLauncher bounds=[0,0][1080,2376] userId=0 visible=false topActivity=ComponentInfo{com.huawei.android.launcher/com.huawei.android.launcher.unihome.UniHomeLauncher}

RootTask id=2 bounds=[0,0][1080,2376] displayId=0 userId=0
 configuration={1.0 454mcc12mnc [zh_CN_#Hans] ldltr sw360dp w360dp h755dp 480dpi nrml long port finger -keyb/v/h -nav/h winConfig={ mBounds=Rect(0, 0 - 1080, 2376) mAppBounds=Rect(0, 110 - 1080, 2376) mMaxBounds=Rect(0, 0 - 1080, 2376) mWindowingMode=fullscreen mDisplayWindowingMode=fullscreen mActivityType=undefined mAlwaysOnTop=undefined mRotation=ROTATION_0 mPopOverMode=0} suim:1 extflag:8 s.17 fontWeightAdjustment=0}
  taskId=2: unknown bounds=[0,0][1080,2376] userId=0 visible=false

RootTask id=3 bounds=[0,0][1080,2376] displayId=0 userId=0
 configuration={1.0 454mcc12mnc [zh_CN_#Hans] ldltr sw360dp w360dp h755dp 480dpi nrml long port finger -keyb/v/h -nav/h winConfig={ mBounds=Rect(0, 0 - 1080, 2376) mAppBounds=Rect(0, 110 - 1080, 2376) mMaxBounds=Rect(0, 0 - 1080, 2376) mWindowingMode=multi-window mDisplayWindowingMode=fullscreen mActivityType=undefined mAlwaysOnTop=undefined mRotation=ROTATION_0 mPopOverMode=0} suim:1 extflag:8 s.17 fontWeightAdjustment=0}
  taskId=3: unknown bounds=[0,0][1080,2376] userId=0 visible=false

RootTask id=4 bounds=[0,0][1080,2376] displayId=0 userId=0
 configuration={1.0 454mcc12mnc [zh_CN_#Hans] ldltr sw360dp w360dp h755dp 480dpi nrml long port finger -keyb/v/h -nav/h winConfig={ mBounds=Rect(0, 0 - 1080, 2376) mAppBounds=Rect(0, 110 - 1080, 2376) mMaxBounds=Rect(0, 0 - 1080, 2376) mWindowingMode=multi-window mDisplayWindowingMode=fullscreen mActivityType=undefined mAlwaysOnTop=undefined mRotation=ROTATION_0 mPopOverMode=0} suim:1 extflag:8 s.17 fontWeightAdjustment=0}
  taskId=4: unknown bounds=[0,0][1080,2376] userId=0 visible=false

RootTask id=5 bounds=[0,0][1080,1175] displayId=0 userId=0
 configuration={1.0 454mcc12mnc [zh_CN_#Hans] ldltr sw355dp w360dp h355dp 480dpi smll land finger -keyb/v/h -nav/h winConfig={ mBounds=Rect(0, 0 - 1080, 1175) mAppBounds=Rect(0, 110 - 1080, 1175) mMaxBounds=Rect(0, 0 - 1080, 2376) mWindowingMode=split-screen-primary mDisplayWindowingMode=fullscreen mActivityType=undefined mAlwaysOnTop=undefined mRotation=ROTATION_0 mPopOverMode=0} suim:1 extflag:8 s.17 fontWeightAdjustment=0}
  taskId=5: unknown bounds=[0,0][1080,1175] userId=0 visible=false

RootTask id=6 bounds=[0,1199][1080,2376] displayId=0 userId=0
 configuration={1.0 454mcc12mnc [zh_CN_#Hans] ldltr sw355dp w360dp h392dp 480dpi smll port finger -keyb/v/h -nav/h winConfig={ mBounds=Rect(0, 1199 - 1080, 2376) mAppBounds=Rect(0, 1199 - 1080, 2376) mMaxBounds=Rect(0, 0 - 1080, 2376) mWindowingMode=split-screen-secondary mDisplayWindowingMode=fullscreen mActivityType=undefined mAlwaysOnTop=undefined mRotation=ROTATION_0 mPopOverMode=0} suim:1 extflag:8 s.17 fontWeightAdjustment=0}
  taskId=6: unknown bounds=[0,1199][1080,2376] userId=0 visible=false
2025-03-17 23:21:27,051 - INFO - 方法8 (相关包名) 输出: 
2025-03-17 23:21:27,180 - INFO - 方法9 (最近任务) 输出: ACTIVITY MANAGER RECENT TASKS (dumpsys activity recents)
mRecentsUid=10093
mRecentsComponent=ComponentInfo{com.huawei.android.launcher/com.huawei.android.launcher.quickstep.RecentsActivity}
mFreezeTas...
2025-03-17 23:21:27,219 - INFO - 方法10 (当前运行活动) 输出: 
2025-03-17 23:21:27,257 - INFO - 方法11 (原始窗口信息) 输出: ...
2025-03-17 23:21:27,295 - INFO - 方法12 (华为浏览器) 输出: ...
2025-03-17 23:21:27,332 - INFO - 方法13 (宽松进程匹配) 输出: 
2025-03-17 23:21:27,591 - INFO - 方法14 (华为服务) 输出: ...
2025-03-17 23:21:28,092 - INFO - 方法15 (前台服务) 输出: ...
2025-03-17 23:21:28,129 - INFO - 方法16 (CPU占用) 输出: 
2025-03-17 23:21:30,155 - INFO - 方法17 (屏幕截图) 输出: 截图已保存至 tmp_screen.png
2025-03-17 23:21:30,411 - INFO - 方法18 (应用使用统计) 输出: 
2025-03-17 23:21:30,754 - INFO - 方法19 (mFocusedApp) 输出: 
2025-03-17 23:21:31,124 - INFO - 方法20 (华为相关应用) 输出: 
2025-03-17 23:21:34,307 - INFO - 方法21 (显示状态) 输出: 
2025-03-17 23:21:35,337 - INFO - 方法22 (前台应用状态) 输出: mResumedActivity: ActivityRecord{6632233 u0 com.huawei.fastapp/.app.processManager.RpkLoaderActivityEntry0 t157}
    * Task{f5dcb69 #157 type=standard A=10148:com.huawei.fastapp.app.launcher0 U=0 visible=true mode=fullscreen translucent=false sz=1}
2025-03-17 23:21:39,822 - INFO - 方法23 (应用前台/后台状态) 输出: 
2025-03-17 23:21:40,975 - INFO - 方法24 (Process State) 输出: 
2025-03-17 23:21:41,875 - INFO - 方法25 (顶部活动应用) 输出: Unknown command: get-top-resumed-activity
2025-03-17 23:21:44,148 - INFO - 方法1 (当前窗口焦点) 输出: 
2025-03-17 23:21:49,269 - INFO - 用户中断检测
2025-03-17 23:21:54,626 - INFO - === 华为快应用检测工具 ===
2025-03-17 23:21:54,668 - INFO - 方法1 (当前窗口焦点) 输出: 
2025-03-17 23:21:55,315 - INFO - 方法2 (活动栈) 输出: 
2025-03-17 23:21:55,818 - INFO - 方法3 (顶层活动) 输出: 
2025-03-17 23:21:55,855 - INFO - 方法4 (进程列表) 输出: 
2025-03-17 23:21:55,892 - INFO - 方法5 (窗口列表) 输出: 
2025-03-17 23:21:55,930 - INFO - 方法6 (完整窗口焦点) 输出: 
2025-03-17 23:21:56,114 - INFO - 方法7 (任务列表) 输出: RootTask id=1 bounds=[0,0][1080,2376] displayId=0 userId=0
 configuration={1.0 454mcc12mnc [zh_CN_#Hans] ldltr sw360dp w360dp h755dp 480dpi nrml long port finger -keyb/v/h -nav/h winConfig={ mBounds=Rect(0, 0 - 1080, 2376) mAppBounds=Rect(0, 110 - 1080, 2376) mMaxBounds=Rect(0, 0 - 1080, 2376) mWindowingMode=fullscreen mDisplayWindowingMode=fullscreen mActivityType=home mAlwaysOnTop=undefined mRotation=ROTATION_0 mPopOverMode=0} suim:1 extflag:8 s.17 fontWeightAdjustment=0}
  taskId=7: com.huawei.android.launcher/com.huawei.android.launcher.unihome.UniHomeLauncher bounds=[0,0][1080,2376] userId=0 visible=true topActivity=ComponentInfo{com.huawei.android.launcher/com.huawei.android.launcher.unihome.UniHomeLauncher}

RootTask id=156 bounds=[0,0][1080,2376] displayId=0 userId=0
 configuration={1.0 454mcc12mnc [zh_CN_#Hans] ldltr sw360dp w360dp h755dp 480dpi nrml long port finger -keyb/v/h -nav/h winConfig={ mBounds=Rect(0, 0 - 1080, 2376) mAppBounds=Rect(0, 110 - 1080, 2376) mMaxBounds=Rect(0, 0 - 1080, 2376) mWindowingMode=fullscreen mDisplayWindowingMode=fullscreen mActivityType=standard mAlwaysOnTop=undefined mRotation=ROTATION_0 mPopOverMode=0} suim:1 extflag:8 s.17 fontWeightAdjustment=0}
  taskId=156: com.huawei.fastapp/com.huawei.fastapp.app.management.ui.ManagerActivity bounds=[0,0][1080,2376] userId=0 visible=false topActivity=ComponentInfo{com.huawei.fastapp/com.huawei.fastapp.app.management.ui.FastAppCenterActivity}

RootTask id=146 bounds=[0,0][1080,2376] displayId=0 userId=0
 configuration={1.0 454mcc12mnc [zh_CN_#Hans] ldltr sw360dp w360dp h755dp 480dpi nrml long port finger -keyb/v/h -nav/h winConfig={ mBounds=Rect(0, 0 - 1080, 2376) mAppBounds=Rect(0, 110 - 1080, 2376) mMaxBounds=Rect(0, 0 - 1080, 2376) mWindowingMode=fullscreen mDisplayWindowingMode=fullscreen mActivityType=standard mAlwaysOnTop=undefined mRotation=ROTATION_0 mPopOverMode=0} suim:1 extflag:8 s.17 fontWeightAdjustment=0}
  taskId=146: com.huawei.appmarket/com.huawei.appmarket.MainActivity bounds=[0,0][1080,2376] userId=0 visible=false topActivity=ComponentInfo{com.huawei.appmarket/com.huawei.appmarket.MarketActivity}

RootTask id=2 bounds=[0,0][1080,2376] displayId=0 userId=0
 configuration={1.0 454mcc12mnc [zh_CN_#Hans] ldltr sw360dp w360dp h755dp 480dpi nrml long port finger -keyb/v/h -nav/h winConfig={ mBounds=Rect(0, 0 - 1080, 2376) mAppBounds=Rect(0, 110 - 1080, 2376) mMaxBounds=Rect(0, 0 - 1080, 2376) mWindowingMode=fullscreen mDisplayWindowingMode=fullscreen mActivityType=undefined mAlwaysOnTop=undefined mRotation=ROTATION_0 mPopOverMode=0} suim:1 extflag:8 s.17 fontWeightAdjustment=0}
  taskId=2: unknown bounds=[0,0][1080,2376] userId=0 visible=false

RootTask id=3 bounds=[0,0][1080,2376] displayId=0 userId=0
 configuration={1.0 454mcc12mnc [zh_CN_#Hans] ldltr sw360dp w360dp h755dp 480dpi nrml long port finger -keyb/v/h -nav/h winConfig={ mBounds=Rect(0, 0 - 1080, 2376) mAppBounds=Rect(0, 110 - 1080, 2376) mMaxBounds=Rect(0, 0 - 1080, 2376) mWindowingMode=multi-window mDisplayWindowingMode=fullscreen mActivityType=undefined mAlwaysOnTop=undefined mRotation=ROTATION_0 mPopOverMode=0} suim:1 extflag:8 s.17 fontWeightAdjustment=0}
  taskId=3: unknown bounds=[0,0][1080,2376] userId=0 visible=false

RootTask id=4 bounds=[0,0][1080,2376] displayId=0 userId=0
 configuration={1.0 454mcc12mnc [zh_CN_#Hans] ldltr sw360dp w360dp h755dp 480dpi nrml long port finger -keyb/v/h -nav/h winConfig={ mBounds=Rect(0, 0 - 1080, 2376) mAppBounds=Rect(0, 110 - 1080, 2376) mMaxBounds=Rect(0, 0 - 1080, 2376) mWindowingMode=multi-window mDisplayWindowingMode=fullscreen mActivityType=undefined mAlwaysOnTop=undefined mRotation=ROTATION_0 mPopOverMode=0} suim:1 extflag:8 s.17 fontWeightAdjustment=0}
  taskId=4: unknown bounds=[0,0][1080,2376] userId=0 visible=false

RootTask id=5 bounds=[0,0][1080,1175] displayId=0 userId=0
 configuration={1.0 454mcc12mnc [zh_CN_#Hans] ldltr sw355dp w360dp h355dp 480dpi smll land finger -keyb/v/h -nav/h winConfig={ mBounds=Rect(0, 0 - 1080, 1175) mAppBounds=Rect(0, 110 - 1080, 1175) mMaxBounds=Rect(0, 0 - 1080, 2376) mWindowingMode=split-screen-primary mDisplayWindowingMode=fullscreen mActivityType=undefined mAlwaysOnTop=undefined mRotation=ROTATION_0 mPopOverMode=0} suim:1 extflag:8 s.17 fontWeightAdjustment=0}
  taskId=5: unknown bounds=[0,0][1080,1175] userId=0 visible=false

RootTask id=6 bounds=[0,1199][1080,2376] displayId=0 userId=0
 configuration={1.0 454mcc12mnc [zh_CN_#Hans] ldltr sw355dp w360dp h392dp 480dpi smll port finger -keyb/v/h -nav/h winConfig={ mBounds=Rect(0, 1199 - 1080, 2376) mAppBounds=Rect(0, 1199 - 1080, 2376) mMaxBounds=Rect(0, 0 - 1080, 2376) mWindowingMode=split-screen-secondary mDisplayWindowingMode=fullscreen mActivityType=undefined mAlwaysOnTop=undefined mRotation=ROTATION_0 mPopOverMode=0} suim:1 extflag:8 s.17 fontWeightAdjustment=0}
  taskId=6: unknown bounds=[0,1199][1080,2376] userId=0 visible=false
2025-03-17 23:21:56,156 - INFO - 方法8 (相关包名) 输出: 
2025-03-17 23:21:56,308 - INFO - 方法9 (最近任务) 输出: ACTIVITY MANAGER RECENT TASKS (dumpsys activity recents)
mRecentsUid=10093
mRecentsComponent=ComponentInfo{com.huawei.android.launcher/com.huawei.android.launcher.quickstep.RecentsActivity}
mFreezeTas...
2025-03-17 23:21:56,356 - INFO - 方法10 (当前运行活动) 输出: 
2025-03-17 23:21:56,394 - INFO - 方法11 (原始窗口信息) 输出: ...
2025-03-17 23:21:56,431 - INFO - 方法12 (华为浏览器) 输出: ...
2025-03-17 23:21:56,468 - INFO - 方法13 (宽松进程匹配) 输出: 
2025-03-17 23:21:56,845 - INFO - 方法14 (华为服务) 输出: ...
2025-03-17 23:21:57,352 - INFO - 方法15 (前台服务) 输出: ...
2025-03-17 23:21:57,389 - INFO - 方法16 (CPU占用) 输出: 
2025-03-17 23:21:58,854 - INFO - 方法17 (屏幕截图) 输出: 截图已保存至 tmp_screen.png
2025-03-17 23:21:59,262 - INFO - 方法18 (应用使用统计) 输出: 
2025-03-17 23:21:59,541 - INFO - 方法19 (mFocusedApp) 输出: 
2025-03-17 23:21:59,809 - INFO - 方法20 (华为相关应用) 输出: 
2025-03-17 23:22:00,308 - INFO - 方法21 (显示状态) 输出: 
2025-03-17 23:22:00,917 - INFO - 方法22 (前台应用状态) 输出: mResumedActivity: ActivityRecord{f776e58 u0 com.huawei.android.launcher/.unihome.UniHomeLauncher t7}
    * Task{180a1ed #7 type=home A=10093:com.huawei.android.launcher U=0 rootTaskId=1 visible=true mode=fullscreen translucent=false sz=1}
2025-03-17 23:22:55,513 - INFO - 用户中断检测
2025-03-17 23:22:57,224 - INFO - === 华为快应用前台检测工具 ===
2025-03-17 23:22:57,399 - INFO - 检查前台应用状态输出: mResumedActivity: ActivityRecord{f776e58 u0 com.huawei.android.launcher/.unihome.UniHomeLauncher t7}
    * Task{180a1ed #7 type=home A=10093:com.huawei.android.launcher U=0 rootTaskId=1 visible=true mode=fullscreen translucent=false sz=1}
2025-03-17 23:23:00,577 - INFO - 检查前台应用状态输出: mResumedActivity: ActivityRecord{f776e58 u0 com.huawei.android.launcher/.unihome.UniHomeLauncher t7}
    * Task{180a1ed #7 type=home A=10093:com.huawei.android.launcher U=0 rootTaskId=1 visible=true mode=fullscreen translucent=false sz=1}
2025-03-17 23:23:03,346 - INFO - 用户中断检测
2025-03-17 23:23:10,349 - INFO - === 华为快应用前台检测工具 ===
2025-03-17 23:23:10,521 - INFO - 检查前台应用状态输出: mResumedActivity: ActivityRecord{73cca29 u0 com.huawei.fastapp/.app.processManager.RpkLoaderActivityEntry0 t160}
    * Task{d59ab4f #160 type=standard A=10148:com.huawei.fastapp.app.launcher0 U=0 visible=true mode=fullscreen translucent=false sz=1}
2025-03-17 23:23:13,067 - INFO - 用户中断检测
